<?xml version="1.0" encoding="UTF-8"?>
<testsuite xmlns:xsi="http://www.w3.org/2001/XMLSchema-instance" xsi:noNamespaceSchemaLocation="https://maven.apache.org/surefire/maven-surefire-plugin/xsd/surefire-test-report-3.0.xsd" version="3.0" name="Giftify.Giftify.GiftifyApplicationTests" time="5.855" tests="1" errors="0" skipped="0" failures="0">
  <properties>
[...]
</properties>
  <testcase name="contextLoads" classname="Giftify.Giftify.GiftifyApplicationTests" time="1.855">
    <system-out><![CDATA[16:18:34.753 [main] INFO org.springframework.test.context.support.AnnotationConfigContextLoaderUtils -- Could not detect default configuration classes for test class [Giftify.Giftify.GiftifyApplicationTests]: GiftifyApplicationTests does not declare any static, non-private, non-final, nested classes annotated with @Configuration.
16:18:34.986 [main] INFO org.springframework.boot.test.context.SpringBootTestContextBootstrapper -- Found @SpringBootConfiguration Giftify.Giftify.GiftifyApplication for test class Giftify.Giftify.GiftifyApplicationTests

  .   ____          _            __ _ _
 /\\ / ___'_ __ _ _(_)_ __  __ _ \ \ \ \
( ( )\___ | '_ | '_| | '_ \/ _` | \ \ \ \
 \\/  ___)| |_)| | | | | || (_| |  ) ) ) )
  '  |____| .__|_| |_|_| |_\__, | / / / /
 =========|_|==============|___/=/_/_/_/
 :: Spring Boot ::                (v3.2.2)

2024-05-22T16:18:35.999-03:00  INFO 4368 --- [Giftify] [           main] G.Giftify.GiftifyApplicationTests        : Starting GiftifyApplicationTests using Java 19 with PID 4368 (started by Usuario in C:\Users\Usuario\Desktop\Giftify\Giftify)
2024-05-22T16:18:35.999-03:00  INFO 4368 --- [Giftify] [           main] G.Giftify.GiftifyApplicationTests        : No active profile set, falling back to 1 default profile: "default"
2024-05-22T16:18:37.461-03:00  WARN 4368 --- [Giftify] [           main] trationDelegate$BeanPostProcessorChecker : Bean 'org.springframework.ws.config.annotation.DelegatingWsConfiguration' of type [org.springframework.ws.config.annotation.DelegatingWsConfiguration$$SpringCGLIB$$0] is not eligible for getting processed by all BeanPostProcessors (for example: not eligible for auto-proxying). The currently created BeanPostProcessor [annotationActionEndpointMapping] is declared through a non-static factory method on that class; consider declaring it as static instead.
2024-05-22T16:18:37.554-03:00  INFO 4368 --- [Giftify] [           main] .w.s.a.s.AnnotationActionEndpointMapping : Supporting [WS-Addressing August 2004, WS-Addressing 1.0]
2024-05-22T16:18:38.378-03:00  INFO 4368 --- [Giftify] [           main] G.Giftify.GiftifyApplicationTests        : Started GiftifyApplicationTests in 3.056 seconds (process running for 5.413)
]]></system-out>
  </testcase>
</testsuite>